This file contains any messages produced by compilers while
running configure, to aid debugging if configure makes a mistake.

It was created by m6809-run configure 0.92, which was
generated by GNU Autoconf 2.69.  Invocation command line was

  $ ./configure 

## --------- ##
## Platform. ##
## --------- ##

hostname = jyrkimpb
uname -m = x86_64
uname -r = 18.7.0
uname -s = Darwin
uname -v = Darwin Kernel Version 18.7.0: Thu Jun 20 18:42:21 PDT 2019; root:xnu-4903.270.47~4/RELEASE_X86_64

/usr/bin/uname -p = i386
/bin/uname -X     = unknown

/bin/arch              = unknown
/usr/bin/arch -k       = unknown
/usr/convex/getsysinfo = unknown
/usr/bin/hostinfo      = Mach kernel version:
	 Darwin Kernel Version 18.7.0: Thu Jun 20 18:42:21 PDT 2019; root:xnu-4903.270.47~4/RELEASE_X86_64
Kernel configured for up to 8 processors.
4 processors are physically available.
8 processors are logically available.
Processor type: i486 (Intel 80486)
Processors active: 0 1 2 3 4 5 6 7
Primary memory available: 8.00 gigabytes
Default processor set: 531 tasks, 2159 threads, 8 processors
Load average: 2.49, Mach factor: 5.50
/bin/machine           = unknown
/usr/bin/oslevel       = unknown
/bin/universe          = unknown

PATH: /Library/Frameworks/Python.framework/Versions/3.7/bin
PATH: /opt/local/bin
PATH: /opt/local/sbin
PATH: /Users/jty/bin
PATH: /Users/jty/bin/sh
PATH: /usr/local/bin
PATH: /usr/bin
PATH: /bin
PATH: /usr/sbin
PATH: /sbin
PATH: /opt/X11/bin
PATH: /Applications/VMware Fusion.app/Contents/Public
PATH: /Applications/Wireshark.app/Contents/MacOS
PATH: .


## ----------- ##
## Core tests. ##
## ----------- ##

configure:2250: checking for a BSD-compatible install
configure:2318: result: /usr/bin/install -c
configure:2329: checking whether build environment is sane
configure:2384: result: yes
configure:2535: checking for a thread-safe mkdir -p
configure:2574: result: ./install-sh -c -d
configure:2581: checking for gawk
configure:2611: result: no
configure:2581: checking for mawk
configure:2611: result: no
configure:2581: checking for nawk
configure:2611: result: no
configure:2581: checking for awk
configure:2597: found /usr/bin/awk
configure:2608: result: awk
configure:2619: checking whether make sets $(MAKE)
configure:2641: result: yes
configure:2670: checking whether make supports nested variables
configure:2687: result: yes
configure:2865: checking for gcc
configure:2881: found /usr/bin/gcc
configure:2892: result: gcc
configure:3121: checking for C compiler version
configure:3130: gcc --version >&5
Apple clang version 11.0.0 (clang-1100.0.33.8)
Target: x86_64-apple-darwin18.7.0
Thread model: posix
InstalledDir: /Applications/Xcode.app/Contents/Developer/Toolchains/XcodeDefault.xctoolchain/usr/bin
Configured with: --prefix=/Applications/Xcode.app/Contents/Developer/usr --with-gxx-include-dir=/Library/Developer/CommandLineTools/SDKs/MacOSX.sdk/usr/include/c++/4.2.1
configure:3141: $? = 0
configure:3130: gcc -v >&5
Configured with: --prefix=/Applications/Xcode.app/Contents/Developer/usr --with-gxx-include-dir=/Library/Developer/CommandLineTools/SDKs/MacOSX.sdk/usr/include/c++/4.2.1
Apple clang version 11.0.0 (clang-1100.0.33.8)
Target: x86_64-apple-darwin18.7.0
Thread model: posix
InstalledDir: /Applications/Xcode.app/Contents/Developer/Toolchains/XcodeDefault.xctoolchain/usr/bin
configure:3141: $? = 0
configure:3130: gcc -V >&5
clang: error: unsupported option '-V -Wno-framework-include-private-from-public'
clang: error: no input files
configure:3141: $? = 1
configure:3130: gcc -qversion >&5
clang: error: unknown argument '-qversion', did you mean '--version'?
clang: error: no input files
configure:3141: $? = 1
configure:3161: checking whether the C compiler works
configure:3183: gcc    conftest.c  >&5
configure:3187: $? = 0
configure:3235: result: yes
configure:3238: checking for C compiler default output file name
configure:3240: result: a.out
configure:3246: checking for suffix of executables
configure:3253: gcc -o conftest    conftest.c  >&5
configure:3257: $? = 0
configure:3279: result: 
configure:3301: checking whether we are cross compiling
configure:3309: gcc -o conftest    conftest.c  >&5
configure:3313: $? = 0
configure:3320: ./conftest
configure:3324: $? = 0
configure:3339: result: no
configure:3344: checking for suffix of object files
configure:3366: gcc -c   conftest.c >&5
configure:3370: $? = 0
configure:3391: result: o
configure:3395: checking whether we are using the GNU C compiler
configure:3414: gcc -c   conftest.c >&5
configure:3414: $? = 0
configure:3423: result: yes
configure:3432: checking whether gcc accepts -g
configure:3452: gcc -c -g  conftest.c >&5
configure:3452: $? = 0
configure:3493: result: yes
configure:3510: checking for gcc option to accept ISO C89
configure:3573: gcc  -c -g -O2  conftest.c >&5
configure:3573: $? = 0
configure:3586: result: none needed
configure:3611: checking whether gcc understands -c and -o together
configure:3633: gcc -c conftest.c -o conftest2.o
configure:3636: $? = 0
configure:3633: gcc -c conftest.c -o conftest2.o
configure:3636: $? = 0
configure:3648: result: yes
configure:3668: checking whether make supports the include directive
configure:3683: make -f confmf.GNU && cat confinc.out
this is the am__doit target
configure:3686: $? = 0
configure:3705: result: yes (GNU style)
configure:3730: checking dependency style of gcc
configure:3841: result: gcc3
configure:3864: checking how to run the C preprocessor
configure:3895: gcc -E  conftest.c
configure:3895: $? = 0
configure:3909: gcc -E  conftest.c
conftest.c:11:10: fatal error: 'ac_nonexistent.h' file not found
#include <ac_nonexistent.h>
         ^~~~~~~~~~~~~~~~~~
1 error generated.
configure:3909: $? = 1
configure: failed program was:
| /* confdefs.h */
| #define PACKAGE_NAME "m6809-run"
| #define PACKAGE_TARNAME "m6809-run"
| #define PACKAGE_VERSION "0.92"
| #define PACKAGE_STRING "m6809-run 0.92"
| #define PACKAGE_BUGREPORT "brian@oddchange.com"
| #define PACKAGE_URL ""
| #define PACKAGE "m6809-run"
| #define VERSION "0.92"
| /* end confdefs.h.  */
| #include <ac_nonexistent.h>
configure:3934: result: gcc -E
configure:3954: gcc -E  conftest.c
configure:3954: $? = 0
configure:3968: gcc -E  conftest.c
conftest.c:11:10: fatal error: 'ac_nonexistent.h' file not found
#include <ac_nonexistent.h>
         ^~~~~~~~~~~~~~~~~~
1 error generated.
configure:3968: $? = 1
configure: failed program was:
| /* confdefs.h */
| #define PACKAGE_NAME "m6809-run"
| #define PACKAGE_TARNAME "m6809-run"
| #define PACKAGE_VERSION "0.92"
| #define PACKAGE_STRING "m6809-run 0.92"
| #define PACKAGE_BUGREPORT "brian@oddchange.com"
| #define PACKAGE_URL ""
| #define PACKAGE "m6809-run"
| #define VERSION "0.92"
| /* end confdefs.h.  */
| #include <ac_nonexistent.h>
configure:3997: checking for grep that handles long lines and -e
configure:4055: result: /usr/bin/grep
configure:4060: checking for egrep
configure:4122: result: /usr/bin/grep -E
configure:4127: checking for ANSI C header files
configure:4147: gcc -c -g -O2  conftest.c >&5
configure:4147: $? = 0
configure:4220: gcc -o conftest -g -O2   conftest.c  >&5
configure:4220: $? = 0
configure:4220: ./conftest
configure:4220: $? = 0
configure:4231: result: yes
configure:4244: checking for sys/types.h
configure:4244: gcc -c -g -O2  conftest.c >&5
configure:4244: $? = 0
configure:4244: result: yes
configure:4244: checking for sys/stat.h
configure:4244: gcc -c -g -O2  conftest.c >&5
configure:4244: $? = 0
configure:4244: result: yes
configure:4244: checking for stdlib.h
configure:4244: gcc -c -g -O2  conftest.c >&5
configure:4244: $? = 0
configure:4244: result: yes
configure:4244: checking for string.h
configure:4244: gcc -c -g -O2  conftest.c >&5
configure:4244: $? = 0
configure:4244: result: yes
configure:4244: checking for memory.h
configure:4244: gcc -c -g -O2  conftest.c >&5
configure:4244: $? = 0
configure:4244: result: yes
configure:4244: checking for strings.h
configure:4244: gcc -c -g -O2  conftest.c >&5
configure:4244: $? = 0
configure:4244: result: yes
configure:4244: checking for inttypes.h
configure:4244: gcc -c -g -O2  conftest.c >&5
configure:4244: $? = 0
configure:4244: result: yes
configure:4244: checking for stdint.h
configure:4244: gcc -c -g -O2  conftest.c >&5
configure:4244: $? = 0
configure:4244: result: yes
configure:4244: checking for unistd.h
configure:4244: gcc -c -g -O2  conftest.c >&5
configure:4244: $? = 0
configure:4244: result: yes
configure:4259: checking netinet/in.h usability
configure:4259: gcc -c -g -O2  conftest.c >&5
configure:4259: $? = 0
configure:4259: result: yes
configure:4259: checking netinet/in.h presence
configure:4259: gcc -E  conftest.c
configure:4259: $? = 0
configure:4259: result: yes
configure:4259: checking for netinet/in.h
configure:4259: result: yes
configure:4259: checking for stdint.h
configure:4259: result: yes
configure:4259: checking for stdlib.h
configure:4259: result: yes
configure:4259: checking for string.h
configure:4259: result: yes
configure:4259: checking sys/socket.h usability
configure:4259: gcc -c -g -O2  conftest.c >&5
configure:4259: $? = 0
configure:4259: result: yes
configure:4259: checking sys/socket.h presence
configure:4259: gcc -E  conftest.c
configure:4259: $? = 0
configure:4259: result: yes
configure:4259: checking for sys/socket.h
configure:4259: result: yes
configure:4259: checking sys/time.h usability
configure:4259: gcc -c -g -O2  conftest.c >&5
configure:4259: $? = 0
configure:4259: result: yes
configure:4259: checking sys/time.h presence
configure:4259: gcc -E  conftest.c
configure:4259: $? = 0
configure:4259: result: yes
configure:4259: checking for sys/time.h
configure:4259: result: yes
configure:4259: checking termios.h usability
configure:4259: gcc -c -g -O2  conftest.c >&5
configure:4259: $? = 0
configure:4259: result: yes
configure:4259: checking termios.h presence
configure:4259: gcc -E  conftest.c
configure:4259: $? = 0
configure:4259: result: yes
configure:4259: checking for termios.h
configure:4259: result: yes
configure:4259: checking for unistd.h
configure:4259: result: yes
configure:4271: checking whether byte ordering is bigendian
configure:4286: gcc -c -g -O2  conftest.c >&5
configure:4286: $? = 0
configure:4331: gcc -c -g -O2  conftest.c >&5
configure:4331: $? = 0
configure:4349: gcc -c -g -O2  conftest.c >&5
conftest.c:36:4: error: use of undeclared identifier 'not'
                 not big endian
                 ^
1 error generated.
configure:4349: $? = 1
configure: failed program was:
| /* confdefs.h */
| #define PACKAGE_NAME "m6809-run"
| #define PACKAGE_TARNAME "m6809-run"
| #define PACKAGE_VERSION "0.92"
| #define PACKAGE_STRING "m6809-run 0.92"
| #define PACKAGE_BUGREPORT "brian@oddchange.com"
| #define PACKAGE_URL ""
| #define PACKAGE "m6809-run"
| #define VERSION "0.92"
| #define STDC_HEADERS 1
| #define HAVE_SYS_TYPES_H 1
| #define HAVE_SYS_STAT_H 1
| #define HAVE_STDLIB_H 1
| #define HAVE_STRING_H 1
| #define HAVE_MEMORY_H 1
| #define HAVE_STRINGS_H 1
| #define HAVE_INTTYPES_H 1
| #define HAVE_STDINT_H 1
| #define HAVE_UNISTD_H 1
| #define HAVE_NETINET_IN_H 1
| #define HAVE_STDINT_H 1
| #define HAVE_STDLIB_H 1
| #define HAVE_STRING_H 1
| #define HAVE_SYS_SOCKET_H 1
| #define HAVE_SYS_TIME_H 1
| #define HAVE_TERMIOS_H 1
| #define HAVE_UNISTD_H 1
| /* end confdefs.h.  */
| #include <sys/types.h>
| 		#include <sys/param.h>
| 
| int
| main ()
| {
| #if BYTE_ORDER != BIG_ENDIAN
| 		 not big endian
| 		#endif
| 
|   ;
|   return 0;
| }
configure:4477: result: no
configure:4495: checking for an ANSI C-conforming const
configure:4561: gcc -c -g -O2  conftest.c >&5
configure:4561: $? = 0
configure:4568: result: yes
configure:4576: checking for inline
configure:4592: gcc -c -g -O2  conftest.c >&5
configure:4592: $? = 0
configure:4600: result: inline
configure:4618: checking whether time.h and sys/time.h may both be included
configure:4638: gcc -c -g -O2  conftest.c >&5
configure:4638: $? = 0
configure:4645: result: yes
configure:4653: checking for uint16_t
configure:4653: gcc -c -g -O2  conftest.c >&5
configure:4653: $? = 0
configure:4653: result: yes
configure:4665: checking for uint32_t
configure:4665: gcc -c -g -O2  conftest.c >&5
configure:4665: $? = 0
configure:4665: result: yes
configure:4679: checking for uint8_t
configure:4679: gcc -c -g -O2  conftest.c >&5
configure:4679: $? = 0
configure:4679: result: yes
configure:4693: checking for working volatile
configure:4712: gcc -c -g -O2  conftest.c >&5
configure:4712: $? = 0
configure:4719: result: yes
configure:4731: checking for stdlib.h
configure:4731: result: yes
configure:4741: checking for GNU libc compatible malloc
configure:4765: gcc -o conftest -g -O2   conftest.c  >&5
configure:4765: $? = 0
configure:4765: ./conftest
configure:4765: $? = 0
configure:4775: result: yes
configure:4799: checking sys/select.h usability
configure:4799: gcc -c -g -O2  conftest.c >&5
configure:4799: $? = 0
configure:4799: result: yes
configure:4799: checking sys/select.h presence
configure:4799: gcc -E  conftest.c
configure:4799: $? = 0
configure:4799: result: yes
configure:4799: checking for sys/select.h
configure:4799: result: yes
configure:4799: checking for sys/socket.h
configure:4799: result: yes
configure:4809: checking types of arguments for select
configure:4837: gcc -c -g -O2  conftest.c >&5
configure:4837: $? = 0
configure:4848: result: int,fd_set *,struct timeval *
configure:4871: checking return type of signal handlers
configure:4889: gcc -c -g -O2  conftest.c >&5
conftest.c:43:8: error: indirection requires pointer operand ('void' invalid)
return *(signal (0, 0)) (0) == 1;
       ^~~~~~~~~~~~~~~~~~~~
1 error generated.
configure:4889: $? = 1
configure: failed program was:
| /* confdefs.h */
| #define PACKAGE_NAME "m6809-run"
| #define PACKAGE_TARNAME "m6809-run"
| #define PACKAGE_VERSION "0.92"
| #define PACKAGE_STRING "m6809-run 0.92"
| #define PACKAGE_BUGREPORT "brian@oddchange.com"
| #define PACKAGE_URL ""
| #define PACKAGE "m6809-run"
| #define VERSION "0.92"
| #define STDC_HEADERS 1
| #define HAVE_SYS_TYPES_H 1
| #define HAVE_SYS_STAT_H 1
| #define HAVE_STDLIB_H 1
| #define HAVE_STRING_H 1
| #define HAVE_MEMORY_H 1
| #define HAVE_STRINGS_H 1
| #define HAVE_INTTYPES_H 1
| #define HAVE_STDINT_H 1
| #define HAVE_UNISTD_H 1
| #define HAVE_NETINET_IN_H 1
| #define HAVE_STDINT_H 1
| #define HAVE_STDLIB_H 1
| #define HAVE_STRING_H 1
| #define HAVE_SYS_SOCKET_H 1
| #define HAVE_SYS_TIME_H 1
| #define HAVE_TERMIOS_H 1
| #define HAVE_UNISTD_H 1
| #define TIME_WITH_SYS_TIME 1
| #define HAVE_STDLIB_H 1
| #define HAVE_MALLOC 1
| #define HAVE_SYS_SELECT_H 1
| #define HAVE_SYS_SOCKET_H 1
| #define SELECT_TYPE_ARG1 int
| #define SELECT_TYPE_ARG234 (fd_set *)
| #define SELECT_TYPE_ARG5 (struct timeval *)
| /* end confdefs.h.  */
| #include <sys/types.h>
| #include <signal.h>
| 
| int
| main ()
| {
| return *(signal (0, 0)) (0) == 1;
|   ;
|   return 0;
| }
configure:4896: result: void
configure:4906: checking for vprintf
configure:4906: gcc -o conftest -g -O2   conftest.c  >&5
conftest.c:61:6: warning: incompatible redeclaration of library function 'vprintf' [-Wincompatible-library-redeclaration]
char vprintf ();
     ^
conftest.c:61:6: note: 'vprintf' is a builtin with type 'int (const char *, struct __va_list_tag *)'
1 warning generated.
configure:4906: $? = 0
configure:4906: result: yes
configure:4912: checking for _doprnt
configure:4912: gcc -o conftest -g -O2   conftest.c  >&5
Undefined symbols for architecture x86_64:
  "__doprnt", referenced from:
      _main in conftest-3e7076.o
ld: symbol(s) not found for architecture x86_64
clang: error: linker command failed with exit code 1 (use -v to see invocation)
configure:4912: $? = 1
configure: failed program was:
| /* confdefs.h */
| #define PACKAGE_NAME "m6809-run"
| #define PACKAGE_TARNAME "m6809-run"
| #define PACKAGE_VERSION "0.92"
| #define PACKAGE_STRING "m6809-run 0.92"
| #define PACKAGE_BUGREPORT "brian@oddchange.com"
| #define PACKAGE_URL ""
| #define PACKAGE "m6809-run"
| #define VERSION "0.92"
| #define STDC_HEADERS 1
| #define HAVE_SYS_TYPES_H 1
| #define HAVE_SYS_STAT_H 1
| #define HAVE_STDLIB_H 1
| #define HAVE_STRING_H 1
| #define HAVE_MEMORY_H 1
| #define HAVE_STRINGS_H 1
| #define HAVE_INTTYPES_H 1
| #define HAVE_STDINT_H 1
| #define HAVE_UNISTD_H 1
| #define HAVE_NETINET_IN_H 1
| #define HAVE_STDINT_H 1
| #define HAVE_STDLIB_H 1
| #define HAVE_STRING_H 1
| #define HAVE_SYS_SOCKET_H 1
| #define HAVE_SYS_TIME_H 1
| #define HAVE_TERMIOS_H 1
| #define HAVE_UNISTD_H 1
| #define TIME_WITH_SYS_TIME 1
| #define HAVE_STDLIB_H 1
| #define HAVE_MALLOC 1
| #define HAVE_SYS_SELECT_H 1
| #define HAVE_SYS_SOCKET_H 1
| #define SELECT_TYPE_ARG1 int
| #define SELECT_TYPE_ARG234 (fd_set *)
| #define SELECT_TYPE_ARG5 (struct timeval *)
| #define RETSIGTYPE void
| #define HAVE_VPRINTF 1
| /* end confdefs.h.  */
| /* Define _doprnt to an innocuous variant, in case <limits.h> declares _doprnt.
|    For example, HP-UX 11i <limits.h> declares gettimeofday.  */
| #define _doprnt innocuous__doprnt
| 
| /* System header to define __stub macros and hopefully few prototypes,
|     which can conflict with char _doprnt (); below.
|     Prefer <limits.h> to <assert.h> if __STDC__ is defined, since
|     <limits.h> exists even on freestanding compilers.  */
| 
| #ifdef __STDC__
| # include <limits.h>
| #else
| # include <assert.h>
| #endif
| 
| #undef _doprnt
| 
| /* Override any GCC internal prototype to avoid an error.
|    Use char because int might match the return type of a GCC
|    builtin and then its argument prototype would still apply.  */
| #ifdef __cplusplus
| extern "C"
| #endif
| char _doprnt ();
| /* The GNU C library defines this for functions which it implements
|     to always fail with ENOSYS.  Some functions are actually named
|     something starting with __ and the normal name is an alias.  */
| #if defined __stub__doprnt || defined __stub____doprnt
| choke me
| #endif
| 
| int
| main ()
| {
| return _doprnt ();
|   ;
|   return 0;
| }
configure:4912: result: no
configure:4926: checking for gettimeofday
configure:4926: gcc -o conftest -g -O2   conftest.c  >&5
configure:4926: $? = 0
configure:4926: result: yes
configure:4926: checking for memset
configure:4926: gcc -o conftest -g -O2   conftest.c  >&5
conftest.c:63:6: warning: incompatible redeclaration of library function 'memset' [-Wincompatible-library-redeclaration]
char memset ();
     ^
conftest.c:63:6: note: 'memset' is a builtin with type 'void *(void *, int, unsigned long)'
1 warning generated.
configure:4926: $? = 0
configure:4926: result: yes
configure:4926: checking for select
configure:4926: gcc -o conftest -g -O2   conftest.c  >&5
configure:4926: $? = 0
configure:4926: result: yes
configure:4926: checking for strchr
configure:4926: gcc -o conftest -g -O2   conftest.c  >&5
conftest.c:65:6: warning: incompatible redeclaration of library function 'strchr' [-Wincompatible-library-redeclaration]
char strchr ();
     ^
conftest.c:65:6: note: 'strchr' is a builtin with type 'char *(const char *, int)'
1 warning generated.
configure:4926: $? = 0
configure:4926: result: yes
configure:4926: checking for strstr
configure:4926: gcc -o conftest -g -O2   conftest.c  >&5
conftest.c:66:6: warning: incompatible redeclaration of library function 'strstr' [-Wincompatible-library-redeclaration]
char strstr ();
     ^
conftest.c:66:6: note: 'strstr' is a builtin with type 'char *(const char *, const char *)'
1 warning generated.
configure:4926: $? = 0
configure:4926: result: yes
configure:4926: checking for strtoul
configure:4926: gcc -o conftest -g -O2   conftest.c  >&5
conftest.c:67:6: warning: incompatible redeclaration of library function 'strtoul' [-Wincompatible-library-redeclaration]
char strtoul ();
     ^
conftest.c:67:6: note: 'strtoul' is a builtin with type 'unsigned long (const char *, char **, int)'
1 warning generated.
configure:4926: $? = 0
configure:4926: result: yes
configure:4926: checking for socket
configure:4926: gcc -o conftest -g -O2   conftest.c  >&5
configure:4926: $? = 0
configure:4926: result: yes
configure:5088: checking that generated files are newer than configure
configure:5094: result: done
configure:5118: creating ./config.status

## ---------------------- ##
## Running config.status. ##
## ---------------------- ##

This file was extended by m6809-run config.status 0.92, which was
generated by GNU Autoconf 2.69.  Invocation command line was

  CONFIG_FILES    = 
  CONFIG_HEADERS  = 
  CONFIG_LINKS    = 
  CONFIG_COMMANDS = 
  $ ./config.status 

on jyrkimpb

config.status:878: creating Makefile
config.status:878: creating config.h
config.status:1107: executing depfiles commands
config.status:1184: cd .       && sed -e '/# am--include-marker/d' Makefile         | make -f - am--depfiles
config.status:1189: $? = 0

## ---------------- ##
## Cache variables. ##
## ---------------- ##

ac_cv_c_bigendian=no
ac_cv_c_compiler_gnu=yes
ac_cv_c_const=yes
ac_cv_c_inline=inline
ac_cv_c_uint16_t=yes
ac_cv_c_uint32_t=yes
ac_cv_c_uint8_t=yes
ac_cv_c_volatile=yes
ac_cv_env_CC_set=
ac_cv_env_CC_value=
ac_cv_env_CFLAGS_set=
ac_cv_env_CFLAGS_value=
ac_cv_env_CPPFLAGS_set=
ac_cv_env_CPPFLAGS_value=
ac_cv_env_CPP_set=
ac_cv_env_CPP_value=
ac_cv_env_LDFLAGS_set=
ac_cv_env_LDFLAGS_value=
ac_cv_env_LIBS_set=
ac_cv_env_LIBS_value=
ac_cv_env_build_alias_set=
ac_cv_env_build_alias_value=
ac_cv_env_host_alias_set=
ac_cv_env_host_alias_value=
ac_cv_env_target_alias_set=
ac_cv_env_target_alias_value=
ac_cv_func__doprnt=no
ac_cv_func_gettimeofday=yes
ac_cv_func_malloc_0_nonnull=yes
ac_cv_func_memset=yes
ac_cv_func_select=yes
ac_cv_func_select_args='int,fd_set *,struct timeval *'
ac_cv_func_socket=yes
ac_cv_func_strchr=yes
ac_cv_func_strstr=yes
ac_cv_func_strtoul=yes
ac_cv_func_vprintf=yes
ac_cv_header_inttypes_h=yes
ac_cv_header_memory_h=yes
ac_cv_header_netinet_in_h=yes
ac_cv_header_stdc=yes
ac_cv_header_stdint_h=yes
ac_cv_header_stdlib_h=yes
ac_cv_header_string_h=yes
ac_cv_header_strings_h=yes
ac_cv_header_sys_select_h=yes
ac_cv_header_sys_socket_h=yes
ac_cv_header_sys_stat_h=yes
ac_cv_header_sys_time_h=yes
ac_cv_header_sys_types_h=yes
ac_cv_header_termios_h=yes
ac_cv_header_time=yes
ac_cv_header_unistd_h=yes
ac_cv_objext=o
ac_cv_path_EGREP='/usr/bin/grep -E'
ac_cv_path_GREP=/usr/bin/grep
ac_cv_path_install='/usr/bin/install -c'
ac_cv_prog_AWK=awk
ac_cv_prog_CPP='gcc -E'
ac_cv_prog_ac_ct_CC=gcc
ac_cv_prog_cc_c89=
ac_cv_prog_cc_g=yes
ac_cv_prog_make_make_set=yes
ac_cv_type_signal=void
am_cv_CC_dependencies_compiler_type=gcc3
am_cv_make_support_nested_variables=yes
am_cv_prog_cc_c_o=yes

## ----------------- ##
## Output variables. ##
## ----------------- ##

ACLOCAL='${SHELL} /Users/jty/src/exec09/missing aclocal-1.16'
AMDEPBACKSLASH='\'
AMDEP_FALSE='#'
AMDEP_TRUE=''
AMTAR='$${TAR-tar}'
AM_BACKSLASH='\'
AM_DEFAULT_V='$(AM_DEFAULT_VERBOSITY)'
AM_DEFAULT_VERBOSITY='1'
AM_V='$(V)'
AUTOCONF='${SHELL} /Users/jty/src/exec09/missing autoconf'
AUTOHEADER='${SHELL} /Users/jty/src/exec09/missing autoheader'
AUTOMAKE='${SHELL} /Users/jty/src/exec09/missing automake-1.16'
AWK='awk'
CC='gcc'
CCDEPMODE='depmode=gcc3'
CFLAGS='-g -O2'
CPP='gcc -E'
CPPFLAGS=''
CYGPATH_W='echo'
DEFS='-DHAVE_CONFIG_H'
DEPDIR='.deps'
ECHO_C='\c'
ECHO_N=''
ECHO_T=''
EGREP='/usr/bin/grep -E'
EXEEXT=''
GREP='/usr/bin/grep'
INSTALL_DATA='${INSTALL} -m 644'
INSTALL_PROGRAM='${INSTALL}'
INSTALL_SCRIPT='${INSTALL}'
INSTALL_STRIP_PROGRAM='$(install_sh) -c -s'
LDFLAGS=''
LIBOBJS=''
LIBS=''
LTLIBOBJS=''
MAKEINFO='${SHELL} /Users/jty/src/exec09/missing makeinfo'
MKDIR_P='./install-sh -c -d'
OBJEXT='o'
PACKAGE='m6809-run'
PACKAGE_BUGREPORT='brian@oddchange.com'
PACKAGE_NAME='m6809-run'
PACKAGE_STRING='m6809-run 0.92'
PACKAGE_TARNAME='m6809-run'
PACKAGE_URL=''
PACKAGE_VERSION='0.92'
PATH_SEPARATOR=':'
READLINE_LIBS=''
SET_MAKE=''
SHELL='/bin/sh'
STRIP=''
VERSION='0.92'
ac_ct_CC='gcc'
am__EXEEXT_FALSE=''
am__EXEEXT_TRUE='#'
am__fastdepCC_FALSE='#'
am__fastdepCC_TRUE=''
am__include='include'
am__isrc=''
am__leading_dot='.'
am__nodep='_no'
am__quote=''
am__tar='$${TAR-tar} chof - "$$tardir"'
am__untar='$${TAR-tar} xf -'
bindir='${exec_prefix}/bin'
build_alias=''
datadir='${datarootdir}'
datarootdir='${prefix}/share'
docdir='${datarootdir}/doc/${PACKAGE_TARNAME}'
dvidir='${docdir}'
exec_prefix='${prefix}'
host_alias=''
htmldir='${docdir}'
includedir='${prefix}/include'
infodir='${datarootdir}/info'
install_sh='${SHELL} /Users/jty/src/exec09/install-sh'
libdir='${exec_prefix}/lib'
libexecdir='${exec_prefix}/libexec'
localedir='${datarootdir}/locale'
localstatedir='${prefix}/var'
mandir='${datarootdir}/man'
mkdir_p='$(MKDIR_P)'
oldincludedir='/usr/include'
pdfdir='${docdir}'
prefix='/usr/local'
program_transform_name='s,x,x,'
psdir='${docdir}'
sbindir='${exec_prefix}/sbin'
sharedstatedir='${prefix}/com'
sysconfdir='${prefix}/etc'
target_alias=''

## ----------- ##
## confdefs.h. ##
## ----------- ##

/* confdefs.h */
#define PACKAGE_NAME "m6809-run"
#define PACKAGE_TARNAME "m6809-run"
#define PACKAGE_VERSION "0.92"
#define PACKAGE_STRING "m6809-run 0.92"
#define PACKAGE_BUGREPORT "brian@oddchange.com"
#define PACKAGE_URL ""
#define PACKAGE "m6809-run"
#define VERSION "0.92"
#define STDC_HEADERS 1
#define HAVE_SYS_TYPES_H 1
#define HAVE_SYS_STAT_H 1
#define HAVE_STDLIB_H 1
#define HAVE_STRING_H 1
#define HAVE_MEMORY_H 1
#define HAVE_STRINGS_H 1
#define HAVE_INTTYPES_H 1
#define HAVE_STDINT_H 1
#define HAVE_UNISTD_H 1
#define HAVE_NETINET_IN_H 1
#define HAVE_STDINT_H 1
#define HAVE_STDLIB_H 1
#define HAVE_STRING_H 1
#define HAVE_SYS_SOCKET_H 1
#define HAVE_SYS_TIME_H 1
#define HAVE_TERMIOS_H 1
#define HAVE_UNISTD_H 1
#define TIME_WITH_SYS_TIME 1
#define HAVE_STDLIB_H 1
#define HAVE_MALLOC 1
#define HAVE_SYS_SELECT_H 1
#define HAVE_SYS_SOCKET_H 1
#define SELECT_TYPE_ARG1 int
#define SELECT_TYPE_ARG234 (fd_set *)
#define SELECT_TYPE_ARG5 (struct timeval *)
#define RETSIGTYPE void
#define HAVE_VPRINTF 1
#define HAVE_GETTIMEOFDAY 1
#define HAVE_MEMSET 1
#define HAVE_SELECT 1
#define HAVE_STRCHR 1
#define HAVE_STRSTR 1
#define HAVE_STRTOUL 1
#define HAVE_SOCKET 1

configure: exit 0
